1600143241665	geckodriver	INFO	Listening on 127.0.0.1:42307
1600143242580	mozrunner::runner	INFO	Running command: "/usr/bin/firefox" "--marionette" "-foreground" "-no-remote" "-profile" "/tmp/rust_mozprofiler4kKOn"
console.error: SearchCache: "_readCacheFile: Error reading cache file:" (new Error("", "(unknown module)"))
1600143257094	Marionette	INFO	Listening on port 35381
1600143257157	Marionette	WARN	TLS certificate errors will be ignored for this session
JavaScript warning: https://ajax.googleapis.com/ajax/libs/jquery/1.9.1/jquery.min.js, line 2: Using //@ to indicate sourceMappingURL pragmas is deprecated. Use //# instead
JavaScript warning: https://ajax.googleapis.com/ajax/libs/jquery/1.9.1/jquery.min.js, line 240: unreachable code after return statement
JavaScript warning: https://ajax.googleapis.com/ajax/libs/jquery/1.9.1/jquery.min.js, line 243: unreachable code after return statement
1600143727644	Marionette	INFO	Stopped listening on port 35381
1600145277831	geckodriver	INFO	Listening on 127.0.0.1:40805
1600145278839	mozrunner::runner	INFO	Running command: "/usr/bin/firefox" "--marionette" "-foreground" "-no-remote" "-profile" "/tmp/rust_mozprofileqnHaz2"
console.error: SearchCache: "_readCacheFile: Error reading cache file:" (new Error("", "(unknown module)"))
1600145282408	Marionette	INFO	Listening on port 46669
1600145282471	Marionette	WARN	TLS certificate errors will be ignored for this session
JavaScript warning: https://ajax.googleapis.com/ajax/libs/jquery/1.9.1/jquery.min.js, line 2: Using //@ to indicate sourceMappingURL pragmas is deprecated. Use //# instead
JavaScript warning: https://ajax.googleapis.com/ajax/libs/jquery/1.9.1/jquery.min.js, line 240: unreachable code after return statement
JavaScript warning: https://ajax.googleapis.com/ajax/libs/jquery/1.9.1/jquery.min.js, line 243: unreachable code after return statement
1600145383161	geckodriver	INFO	Listening on 127.0.0.1:58539
1600145383175	mozrunner::runner	INFO	Running command: "/usr/bin/firefox" "--marionette" "-foreground" "-no-remote" "-profile" "/tmp/rust_mozprofileNaD6vV"
console.error: SearchCache: "_readCacheFile: Error reading cache file:" (new Error("", "(unknown module)"))
1600145387006	Marionette	INFO	Listening on port 33381
1600145387100	Marionette	WARN	TLS certificate errors will be ignored for this session
JavaScript warning: https://ajax.googleapis.com/ajax/libs/jquery/1.9.1/jquery.min.js, line 2: Using //@ to indicate sourceMappingURL pragmas is deprecated. Use //# instead
JavaScript warning: https://ajax.googleapis.com/ajax/libs/jquery/1.9.1/jquery.min.js, line 240: unreachable code after return statement
JavaScript warning: https://ajax.googleapis.com/ajax/libs/jquery/1.9.1/jquery.min.js, line 243: unreachable code after return statement
1600145606547	geckodriver	INFO	Listening on 127.0.0.1:45251
1600145607553	mozrunner::runner	INFO	Running command: "/usr/bin/firefox" "--marionette" "-foreground" "-no-remote" "-profile" "/tmp/rust_mozprofilensvoH5"
console.error: SearchCache: "_readCacheFile: Error reading cache file:" (new Error("", "(unknown module)"))
1600145610658	Marionette	INFO	Listening on port 41055
1600145610685	Marionette	WARN	TLS certificate errors will be ignored for this session
JavaScript warning: https://ajax.googleapis.com/ajax/libs/jquery/1.9.1/jquery.min.js, line 2: Using //@ to indicate sourceMappingURL pragmas is deprecated. Use //# instead
JavaScript warning: https://ajax.googleapis.com/ajax/libs/jquery/1.9.1/jquery.min.js, line 240: unreachable code after return statement
JavaScript warning: https://ajax.googleapis.com/ajax/libs/jquery/1.9.1/jquery.min.js, line 243: unreachable code after return statement
1600145634494	geckodriver	INFO	Listening on 127.0.0.1:45107
1600145635505	mozrunner::runner	INFO	Running command: "/usr/bin/firefox" "--marionette" "-foreground" "-no-remote" "-profile" "/tmp/rust_mozprofileKkejWX"
console.error: SearchCache: "_readCacheFile: Error reading cache file:" (new Error("", "(unknown module)"))
1600145638322	Marionette	INFO	Listening on port 33591
1600145638341	Marionette	WARN	TLS certificate errors will be ignored for this session
JavaScript warning: https://ajax.googleapis.com/ajax/libs/jquery/1.9.1/jquery.min.js, line 2: Using //@ to indicate sourceMappingURL pragmas is deprecated. Use //# instead
JavaScript warning: https://ajax.googleapis.com/ajax/libs/jquery/1.9.1/jquery.min.js, line 240: unreachable code after return statement
JavaScript warning: https://ajax.googleapis.com/ajax/libs/jquery/1.9.1/jquery.min.js, line 243: unreachable code after return statement
1600145712766	geckodriver	INFO	Listening on 127.0.0.1:40601
1600145713772	mozrunner::runner	INFO	Running command: "/usr/bin/firefox" "--marionette" "-foreground" "-no-remote" "-profile" "/tmp/rust_mozprofile75mdty"
console.error: SearchCache: "_readCacheFile: Error reading cache file:" (new Error("", "(unknown module)"))
1600145716740	Marionette	INFO	Listening on port 44003
1600145716790	Marionette	WARN	TLS certificate errors will be ignored for this session
JavaScript warning: https://ajax.googleapis.com/ajax/libs/jquery/1.9.1/jquery.min.js, line 2: Using //@ to indicate sourceMappingURL pragmas is deprecated. Use //# instead
JavaScript warning: https://ajax.googleapis.com/ajax/libs/jquery/1.9.1/jquery.min.js, line 240: unreachable code after return statement
JavaScript warning: https://ajax.googleapis.com/ajax/libs/jquery/1.9.1/jquery.min.js, line 243: unreachable code after return statement
1600145766490	geckodriver	INFO	Listening on 127.0.0.1:34425
1600145766499	mozrunner::runner	INFO	Running command: "/usr/bin/firefox" "--marionette" "-foreground" "-no-remote" "-profile" "/tmp/rust_mozprofileWJwGq5"
console.error: SearchCache: "_readCacheFile: Error reading cache file:" (new Error("", "(unknown module)"))
1600145772000	Marionette	INFO	Listening on port 34865
1600145772030	Marionette	WARN	TLS certificate errors will be ignored for this session
JavaScript warning: https://ajax.googleapis.com/ajax/libs/jquery/1.9.1/jquery.min.js, line 2: Using //@ to indicate sourceMappingURL pragmas is deprecated. Use //# instead
JavaScript warning: https://ajax.googleapis.com/ajax/libs/jquery/1.9.1/jquery.min.js, line 240: unreachable code after return statement
JavaScript warning: https://ajax.googleapis.com/ajax/libs/jquery/1.9.1/jquery.min.js, line 243: unreachable code after return statement
1600145799392	geckodriver	INFO	Listening on 127.0.0.1:42797
1600145800409	mozrunner::runner	INFO	Running command: "/usr/bin/firefox" "--marionette" "-foreground" "-no-remote" "-profile" "/tmp/rust_mozprofileZoDY1h"
console.error: SearchCache: "_readCacheFile: Error reading cache file:" (new Error("", "(unknown module)"))
1600145807862	Marionette	INFO	Listening on port 42447
1600145807921	Marionette	WARN	TLS certificate errors will be ignored for this session
JavaScript warning: https://ajax.googleapis.com/ajax/libs/jquery/1.9.1/jquery.min.js, line 2: Using //@ to indicate sourceMappingURL pragmas is deprecated. Use //# instead
JavaScript warning: https://ajax.googleapis.com/ajax/libs/jquery/1.9.1/jquery.min.js, line 240: unreachable code after return statement
JavaScript warning: https://ajax.googleapis.com/ajax/libs/jquery/1.9.1/jquery.min.js, line 243: unreachable code after return statement
1600145836029	geckodriver	INFO	Listening on 127.0.0.1:52827
1600145837035	mozrunner::runner	INFO	Running command: "/usr/bin/firefox" "--marionette" "-foreground" "-no-remote" "-profile" "/tmp/rust_mozprofile0vcQnE"
console.error: SearchCache: "_readCacheFile: Error reading cache file:" (new Error("", "(unknown module)"))
1600145840401	Marionette	INFO	Listening on port 37813
1600145840451	Marionette	WARN	TLS certificate errors will be ignored for this session
JavaScript warning: https://ajax.googleapis.com/ajax/libs/jquery/1.9.1/jquery.min.js, line 2: Using //@ to indicate sourceMappingURL pragmas is deprecated. Use //# instead
JavaScript warning: https://ajax.googleapis.com/ajax/libs/jquery/1.9.1/jquery.min.js, line 240: unreachable code after return statement
JavaScript warning: https://ajax.googleapis.com/ajax/libs/jquery/1.9.1/jquery.min.js, line 243: unreachable code after return statement
1600145921909	geckodriver	INFO	Listening on 127.0.0.1:60569
1600145921917	mozrunner::runner	INFO	Running command: "/usr/bin/firefox" "--marionette" "-foreground" "-no-remote" "-profile" "/tmp/rust_mozprofileupVRmJ"
console.error: SearchCache: "_readCacheFile: Error reading cache file:" (new Error("", "(unknown module)"))
1600145925683	Marionette	INFO	Listening on port 44201
1600145925764	Marionette	WARN	TLS certificate errors will be ignored for this session
JavaScript warning: https://ajax.googleapis.com/ajax/libs/jquery/1.9.1/jquery.min.js, line 2: Using //@ to indicate sourceMappingURL pragmas is deprecated. Use //# instead
JavaScript warning: https://ajax.googleapis.com/ajax/libs/jquery/1.9.1/jquery.min.js, line 240: unreachable code after return statement
JavaScript warning: https://ajax.googleapis.com/ajax/libs/jquery/1.9.1/jquery.min.js, line 243: unreachable code after return statement
1600145958708	geckodriver	INFO	Listening on 127.0.0.1:49339
1600145959714	mozrunner::runner	INFO	Running command: "/usr/bin/firefox" "--marionette" "-foreground" "-no-remote" "-profile" "/tmp/rust_mozprofilePK3rKb"
console.error: SearchCache: "_readCacheFile: Error reading cache file:" (new Error("", "(unknown module)"))
1600145962655	Marionette	INFO	Listening on port 42809
1600145962744	Marionette	WARN	TLS certificate errors will be ignored for this session
JavaScript warning: https://ajax.googleapis.com/ajax/libs/jquery/1.9.1/jquery.min.js, line 2: Using //@ to indicate sourceMappingURL pragmas is deprecated. Use //# instead
JavaScript warning: https://ajax.googleapis.com/ajax/libs/jquery/1.9.1/jquery.min.js, line 240: unreachable code after return statement
JavaScript warning: https://ajax.googleapis.com/ajax/libs/jquery/1.9.1/jquery.min.js, line 243: unreachable code after return statement
1600146311603	geckodriver	INFO	Listening on 127.0.0.1:37761
1600146312611	mozrunner::runner	INFO	Running command: "/usr/bin/firefox" "--marionette" "-foreground" "-no-remote" "-profile" "/tmp/rust_mozprofileS4Vrpy"
console.error: SearchCache: "_readCacheFile: Error reading cache file:" (new Error("", "(unknown module)"))
1600146315977	Marionette	INFO	Listening on port 44459
1600146316045	Marionette	WARN	TLS certificate errors will be ignored for this session
JavaScript warning: https://ajax.googleapis.com/ajax/libs/jquery/1.9.1/jquery.min.js, line 2: Using //@ to indicate sourceMappingURL pragmas is deprecated. Use //# instead
JavaScript warning: https://ajax.googleapis.com/ajax/libs/jquery/1.9.1/jquery.min.js, line 240: unreachable code after return statement
JavaScript warning: https://ajax.googleapis.com/ajax/libs/jquery/1.9.1/jquery.min.js, line 243: unreachable code after return statement
1600146850308	geckodriver	INFO	Listening on 127.0.0.1:49889
1600146851317	mozrunner::runner	INFO	Running command: "/usr/bin/firefox" "--marionette" "-foreground" "-no-remote" "-profile" "/tmp/rust_mozprofilegRhU3X"
console.error: SearchCache: "_readCacheFile: Error reading cache file:" (new Error("", "(unknown module)"))
1600146854561	Marionette	INFO	Listening on port 41813
1600146854643	Marionette	WARN	TLS certificate errors will be ignored for this session
JavaScript warning: https://ajax.googleapis.com/ajax/libs/jquery/1.9.1/jquery.min.js, line 2: Using //@ to indicate sourceMappingURL pragmas is deprecated. Use //# instead
JavaScript warning: https://ajax.googleapis.com/ajax/libs/jquery/1.9.1/jquery.min.js, line 240: unreachable code after return statement
JavaScript warning: https://ajax.googleapis.com/ajax/libs/jquery/1.9.1/jquery.min.js, line 243: unreachable code after return statement
1600146881585	geckodriver	INFO	Listening on 127.0.0.1:38549
1600146882592	mozrunner::runner	INFO	Running command: "/usr/bin/firefox" "--marionette" "-foreground" "-no-remote" "-profile" "/tmp/rust_mozprofileXlNySD"
console.error: SearchCache: "_readCacheFile: Error reading cache file:" (new Error("", "(unknown module)"))
1600146887807	Marionette	INFO	Listening on port 34055
1600146887839	Marionette	WARN	TLS certificate errors will be ignored for this session
JavaScript warning: https://ajax.googleapis.com/ajax/libs/jquery/1.9.1/jquery.min.js, line 2: Using //@ to indicate sourceMappingURL pragmas is deprecated. Use //# instead
JavaScript warning: https://ajax.googleapis.com/ajax/libs/jquery/1.9.1/jquery.min.js, line 240: unreachable code after return statement
JavaScript warning: https://ajax.googleapis.com/ajax/libs/jquery/1.9.1/jquery.min.js, line 243: unreachable code after return statement
1600146929050	geckodriver	INFO	Listening on 127.0.0.1:50845
1600146930052	mozrunner::runner	INFO	Running command: "/usr/bin/firefox" "--marionette" "-foreground" "-no-remote" "-profile" "/tmp/rust_mozprofilep3qQjQ"
console.error: SearchCache: "_readCacheFile: Error reading cache file:" (new Error("", "(unknown module)"))
1600146933471	Marionette	INFO	Listening on port 41455
1600146933485	Marionette	WARN	TLS certificate errors will be ignored for this session
JavaScript warning: https://ajax.googleapis.com/ajax/libs/jquery/1.9.1/jquery.min.js, line 2: Using //@ to indicate sourceMappingURL pragmas is deprecated. Use //# instead
JavaScript warning: https://ajax.googleapis.com/ajax/libs/jquery/1.9.1/jquery.min.js, line 240: unreachable code after return statement
JavaScript warning: https://ajax.googleapis.com/ajax/libs/jquery/1.9.1/jquery.min.js, line 243: unreachable code after return statement
1600147011372	geckodriver	INFO	Listening on 127.0.0.1:48831
1600147012380	mozrunner::runner	INFO	Running command: "/usr/bin/firefox" "--marionette" "-foreground" "-no-remote" "-profile" "/tmp/rust_mozprofilewvDm4s"
console.error: SearchCache: "_readCacheFile: Error reading cache file:" (new Error("", "(unknown module)"))
1600147015404	Marionette	INFO	Listening on port 41543
1600147015491	Marionette	WARN	TLS certificate errors will be ignored for this session
JavaScript warning: https://ajax.googleapis.com/ajax/libs/jquery/1.9.1/jquery.min.js, line 2: Using //@ to indicate sourceMappingURL pragmas is deprecated. Use //# instead
JavaScript warning: https://ajax.googleapis.com/ajax/libs/jquery/1.9.1/jquery.min.js, line 240: unreachable code after return statement
JavaScript warning: https://ajax.googleapis.com/ajax/libs/jquery/1.9.1/jquery.min.js, line 243: unreachable code after return statement
1600147062771	geckodriver	INFO	Listening on 127.0.0.1:39209
1600147063777	mozrunner::runner	INFO	Running command: "/usr/bin/firefox" "--marionette" "-foreground" "-no-remote" "-profile" "/tmp/rust_mozprofileKG6Mma"
console.error: SearchCache: "_readCacheFile: Error reading cache file:" (new Error("", "(unknown module)"))
1600147066956	Marionette	INFO	Listening on port 42253
1600147066992	Marionette	WARN	TLS certificate errors will be ignored for this session
JavaScript warning: https://ajax.googleapis.com/ajax/libs/jquery/1.9.1/jquery.min.js, line 2: Using //@ to indicate sourceMappingURL pragmas is deprecated. Use //# instead
JavaScript warning: https://ajax.googleapis.com/ajax/libs/jquery/1.9.1/jquery.min.js, line 240: unreachable code after return statement
JavaScript warning: https://ajax.googleapis.com/ajax/libs/jquery/1.9.1/jquery.min.js, line 243: unreachable code after return statement
1600147095133	geckodriver	INFO	Listening on 127.0.0.1:55793
1600147096140	mozrunner::runner	INFO	Running command: "/usr/bin/firefox" "--marionette" "-foreground" "-no-remote" "-profile" "/tmp/rust_mozprofilerbKNee"
console.error: SearchCache: "_readCacheFile: Error reading cache file:" (new Error("", "(unknown module)"))
1600147099164	Marionette	INFO	Listening on port 45269
1600147099259	Marionette	WARN	TLS certificate errors will be ignored for this session
JavaScript warning: https://ajax.googleapis.com/ajax/libs/jquery/1.9.1/jquery.min.js, line 2: Using //@ to indicate sourceMappingURL pragmas is deprecated. Use //# instead
JavaScript warning: https://ajax.googleapis.com/ajax/libs/jquery/1.9.1/jquery.min.js, line 240: unreachable code after return statement
JavaScript warning: https://ajax.googleapis.com/ajax/libs/jquery/1.9.1/jquery.min.js, line 243: unreachable code after return statement
1600147129906	geckodriver	INFO	Listening on 127.0.0.1:52475
1600147130916	mozrunner::runner	INFO	Running command: "/usr/bin/firefox" "--marionette" "-foreground" "-no-remote" "-profile" "/tmp/rust_mozprofileMrwVgr"
console.error: SearchCache: "_readCacheFile: Error reading cache file:" (new Error("", "(unknown module)"))
1600147134134	Marionette	INFO	Listening on port 40133
1600147134157	Marionette	WARN	TLS certificate errors will be ignored for this session
JavaScript warning: https://ajax.googleapis.com/ajax/libs/jquery/1.9.1/jquery.min.js, line 2: Using //@ to indicate sourceMappingURL pragmas is deprecated. Use //# instead
JavaScript warning: https://ajax.googleapis.com/ajax/libs/jquery/1.9.1/jquery.min.js, line 240: unreachable code after return statement
JavaScript warning: https://ajax.googleapis.com/ajax/libs/jquery/1.9.1/jquery.min.js, line 243: unreachable code after return statement
1600147195914	geckodriver	INFO	Listening on 127.0.0.1:34671
1600147196922	mozrunner::runner	INFO	Running command: "/usr/bin/firefox" "--marionette" "-foreground" "-no-remote" "-profile" "/tmp/rust_mozprofile9HYl0P"
console.error: SearchCache: "_readCacheFile: Error reading cache file:" (new Error("", "(unknown module)"))
1600147200068	Marionette	INFO	Listening on port 46439
1600147200147	Marionette	WARN	TLS certificate errors will be ignored for this session
JavaScript warning: https://ajax.googleapis.com/ajax/libs/jquery/1.9.1/jquery.min.js, line 2: Using //@ to indicate sourceMappingURL pragmas is deprecated. Use //# instead
JavaScript warning: https://ajax.googleapis.com/ajax/libs/jquery/1.9.1/jquery.min.js, line 240: unreachable code after return statement
JavaScript warning: https://ajax.googleapis.com/ajax/libs/jquery/1.9.1/jquery.min.js, line 243: unreachable code after return statement
1600148316680	geckodriver	INFO	Listening on 127.0.0.1:47445
1600148317684	mozrunner::runner	INFO	Running command: "/usr/bin/firefox" "--marionette" "-foreground" "-no-remote" "-profile" "/tmp/rust_mozprofileFC2Eb0"
Starting X
....5.. 4.. 3.. 2.. 1.. console.error: SearchCache: "_readCacheFile: Error reading cache file:" (new Error("", "(unknown module)"))
1600148330647	Marionette	INFO	Listening on port 45705
1600148330701	Marionette	WARN	TLS certificate errors will be ignored for this session
JavaScript warning: https://ajax.googleapis.com/ajax/libs/jquery/1.9.1/jquery.min.js, line 2: Using //@ to indicate sourceMappingURL pragmas is deprecated. Use //# instead
JavaScript warning: https://ajax.googleapis.com/ajax/libs/jquery/1.9.1/jquery.min.js, line 240: unreachable code after return statement
JavaScript warning: https://ajax.googleapis.com/ajax/libs/jquery/1.9.1/jquery.min.js, line 243: unreachable code after return statement
1600148428227	geckodriver	INFO	Listening on 127.0.0.1:43779
1600148429235	mozrunner::runner	INFO	Running command: "/usr/bin/firefox" "--marionette" "-foreground" "-no-remote" "-profile" "/tmp/rust_mozprofile41jdNh"
console.error: SearchCache: "_readCacheFile: Error reading cache file:" (new Error("", "(unknown module)"))
1600148434890	Marionette	INFO	Listening on port 46511
1600148435044	Marionette	WARN	TLS certificate errors will be ignored for this session
JavaScript warning: https://ajax.googleapis.com/ajax/libs/jquery/1.9.1/jquery.min.js, line 2: Using //@ to indicate sourceMappingURL pragmas is deprecated. Use //# instead
JavaScript warning: https://ajax.googleapis.com/ajax/libs/jquery/1.9.1/jquery.min.js, line 240: unreachable code after return statement
JavaScript warning: https://ajax.googleapis.com/ajax/libs/jquery/1.9.1/jquery.min.js, line 243: unreachable code after return statement
1600148476521	geckodriver	INFO	Listening on 127.0.0.1:55521
1600148477530	mozrunner::runner	INFO	Running command: "/usr/bin/firefox" "--marionette" "-foreground" "-no-remote" "-profile" "/tmp/rust_mozprofilevrhFpL"
console.error: SearchCache: "_readCacheFile: Error reading cache file:" (new Error("", "(unknown module)"))
1600148481515	Marionette	INFO	Listening on port 41583
1600148481557	Marionette	WARN	TLS certificate errors will be ignored for this session
JavaScript warning: https://ajax.googleapis.com/ajax/libs/jquery/1.9.1/jquery.min.js, line 2: Using //@ to indicate sourceMappingURL pragmas is deprecated. Use //# instead
JavaScript warning: https://ajax.googleapis.com/ajax/libs/jquery/1.9.1/jquery.min.js, line 240: unreachable code after return statement
JavaScript warning: https://ajax.googleapis.com/ajax/libs/jquery/1.9.1/jquery.min.js, line 243: unreachable code after return statement
1600148561881	geckodriver	INFO	Listening on 127.0.0.1:44247
1600148562887	mozrunner::runner	INFO	Running command: "/usr/bin/firefox" "--marionette" "-foreground" "-no-remote" "-profile" "/tmp/rust_mozprofileVIYMcX"
console.error: SearchCache: "_readCacheFile: Error reading cache file:" (new Error("", "(unknown module)"))
1600148568739	Marionette	INFO	Listening on port 33419
1600148568753	Marionette	WARN	TLS certificate errors will be ignored for this session
JavaScript warning: https://ajax.googleapis.com/ajax/libs/jquery/1.9.1/jquery.min.js, line 2: Using //@ to indicate sourceMappingURL pragmas is deprecated. Use //# instead
JavaScript warning: https://ajax.googleapis.com/ajax/libs/jquery/1.9.1/jquery.min.js, line 240: unreachable code after return statement
JavaScript warning: https://ajax.googleapis.com/ajax/libs/jquery/1.9.1/jquery.min.js, line 243: unreachable code after return statement
1600148760885	geckodriver	INFO	Listening on 127.0.0.1:53573
1600148761893	mozrunner::runner	INFO	Running command: "/usr/bin/firefox" "--marionette" "-foreground" "-no-remote" "-profile" "/tmp/rust_mozprofileEaBHYN"
console.error: SearchCache: "_readCacheFile: Error reading cache file:" (new Error("", "(unknown module)"))
1600148767131	Marionette	INFO	Listening on port 43769
1600148767228	Marionette	WARN	TLS certificate errors will be ignored for this session
JavaScript warning: https://ajax.googleapis.com/ajax/libs/jquery/1.9.1/jquery.min.js, line 2: Using //@ to indicate sourceMappingURL pragmas is deprecated. Use //# instead
JavaScript warning: https://ajax.googleapis.com/ajax/libs/jquery/1.9.1/jquery.min.js, line 240: unreachable code after return statement
JavaScript warning: https://ajax.googleapis.com/ajax/libs/jquery/1.9.1/jquery.min.js, line 243: unreachable code after return statement
1600148961244	geckodriver	INFO	Listening on 127.0.0.1:41491
1600148962275	mozrunner::runner	INFO	Running command: "/usr/bin/firefox" "--marionette" "-foreground" "-no-remote" "-profile" "/tmp/rust_mozprofileVUpAsu"
console.error: SearchCache: "_readCacheFile: Error reading cache file:" (new Error("", "(unknown module)"))
1600148966818	Marionette	INFO	Listening on port 40101
1600148966899	Marionette	WARN	TLS certificate errors will be ignored for this session
JavaScript warning: https://ajax.googleapis.com/ajax/libs/jquery/1.9.1/jquery.min.js, line 2: Using //@ to indicate sourceMappingURL pragmas is deprecated. Use //# instead
JavaScript warning: https://ajax.googleapis.com/ajax/libs/jquery/1.9.1/jquery.min.js, line 240: unreachable code after return statement
JavaScript warning: https://ajax.googleapis.com/ajax/libs/jquery/1.9.1/jquery.min.js, line 243: unreachable code after return statement
1600180981014	geckodriver	INFO	Listening on 127.0.0.1:51713
1600180982139	mozrunner::runner	INFO	Running command: "/usr/bin/firefox" "--marionette" "-foreground" "-no-remote" "-profile" "/tmp/rust_mozprofile1dKSMI"
Starting X
.....5.. 4.. 3.. 2.. 1.. console.error: SearchCache: "_readCacheFile: Error reading cache file:" (new Error("", "(unknown module)"))
1600181010569	Marionette	INFO	Listening on port 33117
1600181010641	Marionette	WARN	TLS certificate errors will be ignored for this session
JavaScript warning: https://ajax.googleapis.com/ajax/libs/jquery/1.9.1/jquery.min.js, line 2: Using //@ to indicate sourceMappingURL pragmas is deprecated. Use //# instead
JavaScript warning: https://ajax.googleapis.com/ajax/libs/jquery/1.9.1/jquery.min.js, line 240: unreachable code after return statement
JavaScript warning: https://ajax.googleapis.com/ajax/libs/jquery/1.9.1/jquery.min.js, line 243: unreachable code after return statement
1600181227261	geckodriver	INFO	Listening on 127.0.0.1:41455
1600181228267	mozrunner::runner	INFO	Running command: "/usr/bin/firefox" "--marionette" "-foreground" "-no-remote" "-profile" "/tmp/rust_mozprofile7B85s2"
console.error: SearchCache: "_readCacheFile: Error reading cache file:" (new Error("", "(unknown module)"))
1600181231559	Marionette	INFO	Listening on port 45093
1600181231588	Marionette	WARN	TLS certificate errors will be ignored for this session
JavaScript warning: https://ajax.googleapis.com/ajax/libs/jquery/1.9.1/jquery.min.js, line 2: Using //@ to indicate sourceMappingURL pragmas is deprecated. Use //# instead
JavaScript warning: https://ajax.googleapis.com/ajax/libs/jquery/1.9.1/jquery.min.js, line 240: unreachable code after return statement
JavaScript warning: https://ajax.googleapis.com/ajax/libs/jquery/1.9.1/jquery.min.js, line 243: unreachable code after return statement
1600181333914	geckodriver	INFO	Listening on 127.0.0.1:36269
1600181334918	mozrunner::runner	INFO	Running command: "/usr/bin/firefox" "--marionette" "-foreground" "-no-remote" "-profile" "/tmp/rust_mozprofileXC8mJj"
console.error: SearchCache: "_readCacheFile: Error reading cache file:" (new Error("", "(unknown module)"))
1600181338259	Marionette	INFO	Listening on port 39963
1600181338347	Marionette	WARN	TLS certificate errors will be ignored for this session
JavaScript warning: https://ajax.googleapis.com/ajax/libs/jquery/1.9.1/jquery.min.js, line 2: Using //@ to indicate sourceMappingURL pragmas is deprecated. Use //# instead
JavaScript warning: https://ajax.googleapis.com/ajax/libs/jquery/1.9.1/jquery.min.js, line 240: unreachable code after return statement
JavaScript warning: https://ajax.googleapis.com/ajax/libs/jquery/1.9.1/jquery.min.js, line 243: unreachable code after return statement
1600181393563	geckodriver	INFO	Listening on 127.0.0.1:52103
1600181394570	mozrunner::runner	INFO	Running command: "/usr/bin/firefox" "--marionette" "-foreground" "-no-remote" "-profile" "/tmp/rust_mozprofileemfhH1"
console.error: SearchCache: "_readCacheFile: Error reading cache file:" (new Error("", "(unknown module)"))
1600181398453	Marionette	INFO	Listening on port 45773
1600181398528	Marionette	WARN	TLS certificate errors will be ignored for this session
JavaScript warning: https://ajax.googleapis.com/ajax/libs/jquery/1.9.1/jquery.min.js, line 2: Using //@ to indicate sourceMappingURL pragmas is deprecated. Use //# instead
JavaScript warning: https://ajax.googleapis.com/ajax/libs/jquery/1.9.1/jquery.min.js, line 240: unreachable code after return statement
JavaScript warning: https://ajax.googleapis.com/ajax/libs/jquery/1.9.1/jquery.min.js, line 243: unreachable code after return statement
1600181709773	geckodriver	INFO	Listening on 127.0.0.1:55701
1600181710781	mozrunner::runner	INFO	Running command: "/usr/bin/firefox" "--marionette" "-foreground" "-no-remote" "-profile" "/tmp/rust_mozprofileW4Le5L"
console.error: SearchCache: "_readCacheFile: Error reading cache file:" (new Error("", "(unknown module)"))
1600181714264	Marionette	INFO	Listening on port 33327
1600181714328	Marionette	WARN	TLS certificate errors will be ignored for this session
JavaScript warning: https://ajax.googleapis.com/ajax/libs/jquery/1.9.1/jquery.min.js, line 2: Using //@ to indicate sourceMappingURL pragmas is deprecated. Use //# instead
JavaScript warning: https://ajax.googleapis.com/ajax/libs/jquery/1.9.1/jquery.min.js, line 240: unreachable code after return statement
JavaScript warning: https://ajax.googleapis.com/ajax/libs/jquery/1.9.1/jquery.min.js, line 243: unreachable code after return statement
1600181792477	geckodriver	INFO	Listening on 127.0.0.1:35807
1600181793483	mozrunner::runner	INFO	Running command: "/usr/bin/firefox" "--marionette" "-foreground" "-no-remote" "-profile" "/tmp/rust_mozprofileqlFzId"
console.error: SearchCache: "_readCacheFile: Error reading cache file:" (new Error("", "(unknown module)"))
1600181796424	Marionette	INFO	Listening on port 38379
1600181796495	Marionette	WARN	TLS certificate errors will be ignored for this session
JavaScript warning: https://ajax.googleapis.com/ajax/libs/jquery/1.9.1/jquery.min.js, line 2: Using //@ to indicate sourceMappingURL pragmas is deprecated. Use //# instead
JavaScript warning: https://ajax.googleapis.com/ajax/libs/jquery/1.9.1/jquery.min.js, line 240: unreachable code after return statement
JavaScript warning: https://ajax.googleapis.com/ajax/libs/jquery/1.9.1/jquery.min.js, line 243: unreachable code after return statement
1600181891957	geckodriver	INFO	Listening on 127.0.0.1:56257
1600181892965	mozrunner::runner	INFO	Running command: "/usr/bin/firefox" "--marionette" "-foreground" "-no-remote" "-profile" "/tmp/rust_mozprofiles4G5ya"
console.error: SearchCache: "_readCacheFile: Error reading cache file:" (new Error("", "(unknown module)"))
1600181896693	Marionette	INFO	Listening on port 46321
1600181896786	Marionette	WARN	TLS certificate errors will be ignored for this session
JavaScript warning: https://ajax.googleapis.com/ajax/libs/jquery/1.9.1/jquery.min.js, line 2: Using //@ to indicate sourceMappingURL pragmas is deprecated. Use //# instead
JavaScript warning: https://ajax.googleapis.com/ajax/libs/jquery/1.9.1/jquery.min.js, line 240: unreachable code after return statement
JavaScript warning: https://ajax.googleapis.com/ajax/libs/jquery/1.9.1/jquery.min.js, line 243: unreachable code after return statement
1600182364866	geckodriver	INFO	Listening on 127.0.0.1:38317
1600182365874	mozrunner::runner	INFO	Running command: "/usr/bin/firefox" "--marionette" "-foreground" "-no-remote" "-profile" "/tmp/rust_mozprofilez4sgyf"
console.error: SearchCache: "_readCacheFile: Error reading cache file:" (new Error("", "(unknown module)"))
1600182369274	Marionette	INFO	Listening on port 33075
1600182369297	Marionette	WARN	TLS certificate errors will be ignored for this session
JavaScript warning: https://ajax.googleapis.com/ajax/libs/jquery/1.9.1/jquery.min.js, line 2: Using //@ to indicate sourceMappingURL pragmas is deprecated. Use //# instead
JavaScript warning: https://ajax.googleapis.com/ajax/libs/jquery/1.9.1/jquery.min.js, line 240: unreachable code after return statement
JavaScript warning: https://ajax.googleapis.com/ajax/libs/jquery/1.9.1/jquery.min.js, line 243: unreachable code after return statement
1600182390665	geckodriver	INFO	Listening on 127.0.0.1:56837
1600182391663	mozrunner::runner	INFO	Running command: "/usr/bin/firefox" "--marionette" "-foreground" "-no-remote" "-profile" "/tmp/rust_mozprofilexDSkoI"
console.error: SearchCache: "_readCacheFile: Error reading cache file:" (new Error("", "(unknown module)"))
1600182395054	Marionette	INFO	Listening on port 35073
1600182395107	Marionette	WARN	TLS certificate errors will be ignored for this session
JavaScript warning: https://ajax.googleapis.com/ajax/libs/jquery/1.9.1/jquery.min.js, line 2: Using //@ to indicate sourceMappingURL pragmas is deprecated. Use //# instead
JavaScript warning: https://ajax.googleapis.com/ajax/libs/jquery/1.9.1/jquery.min.js, line 240: unreachable code after return statement
JavaScript warning: https://ajax.googleapis.com/ajax/libs/jquery/1.9.1/jquery.min.js, line 243: unreachable code after return statement
1600182422142	geckodriver	INFO	Listening on 127.0.0.1:48753
1600182423148	mozrunner::runner	INFO	Running command: "/usr/bin/firefox" "--marionette" "-foreground" "-no-remote" "-profile" "/tmp/rust_mozprofilejtXIu7"
console.error: SearchCache: "_readCacheFile: Error reading cache file:" (new Error("", "(unknown module)"))
1600182426370	Marionette	INFO	Listening on port 41547
1600182426459	Marionette	WARN	TLS certificate errors will be ignored for this session
JavaScript warning: https://ajax.googleapis.com/ajax/libs/jquery/1.9.1/jquery.min.js, line 2: Using //@ to indicate sourceMappingURL pragmas is deprecated. Use //# instead
JavaScript warning: https://ajax.googleapis.com/ajax/libs/jquery/1.9.1/jquery.min.js, line 240: unreachable code after return statement
JavaScript warning: https://ajax.googleapis.com/ajax/libs/jquery/1.9.1/jquery.min.js, line 243: unreachable code after return statement
1600182523676	geckodriver	INFO	Listening on 127.0.0.1:57777
1600182524683	mozrunner::runner	INFO	Running command: "/usr/bin/firefox" "--marionette" "-foreground" "-no-remote" "-profile" "/tmp/rust_mozprofilegmcrPQ"
console.error: SearchCache: "_readCacheFile: Error reading cache file:" (new Error("", "(unknown module)"))
1600182528698	Marionette	INFO	Listening on port 32887
1600182528724	Marionette	WARN	TLS certificate errors will be ignored for this session
JavaScript warning: https://ajax.googleapis.com/ajax/libs/jquery/1.9.1/jquery.min.js, line 2: Using //@ to indicate sourceMappingURL pragmas is deprecated. Use //# instead
JavaScript warning: https://ajax.googleapis.com/ajax/libs/jquery/1.9.1/jquery.min.js, line 240: unreachable code after return statement
JavaScript warning: https://ajax.googleapis.com/ajax/libs/jquery/1.9.1/jquery.min.js, line 243: unreachable code after return statement
